\BOOKMARK [0][-]{Doc-Start}{}{}% 1
\BOOKMARK [1][-]{section.0.1}{Notation}{Doc-Start}% 2
\BOOKMARK [0][-]{chapter.1}{量子情報理論の基礎}{}% 3
\BOOKMARK [1][-]{section.1.1}{Motivation}{chapter.1}% 4
\BOOKMARK [2][-]{subsection.1.1.1}{重力のエントロピーとエンタングルメントエントロピー}{section.1.1}% 5
\BOOKMARK [2][-]{subsection.1.1.2}{ホログラフィー原理}{section.1.1}% 6
\BOOKMARK [2][-]{subsection.1.1.3}{AdS/CFT}{section.1.1}% 7
\BOOKMARK [2][-]{subsection.1.1.4}{first theses}{section.1.1}% 8
\BOOKMARK [1][-]{section.1.2}{純粋状態と混合状態}{chapter.1}% 9
\BOOKMARK [2][-]{subsection.1.2.1}{純粋状態におけるエンタングルメント}{section.1.2}% 10
\BOOKMARK [2][-]{subsection.1.2.2}{混合状態におけるエンタングルメントエントロピー}{section.1.2}% 11
\BOOKMARK [1][-]{section.1.3}{PPT条件とNegativity}{chapter.1}% 12
\BOOKMARK [2][-]{subsection.1.3.1}{Negativity}{section.1.3}% 13
\BOOKMARK [1][-]{section.1.4}{量子力学と統計力学エントロピー}{chapter.1}% 14
\BOOKMARK [2][-]{subsection.1.4.1}{カノニカル・アンサンブル}{section.1.4}% 15
\BOOKMARK [1][-]{section.1.5}{Tsallis Entropy\(ツァリス エントロピー\)}{chapter.1}% 16
\BOOKMARK [1][-]{section.1.6}{場の理論におけるEntanglement Entropy15161718}{chapter.1}% 17
\BOOKMARK [2][-]{subsection.1.6.1}{replica法\(Calabrese-Cardyの方法\)}{section.1.6}% 18
\BOOKMARK [0][-]{chapter.2}{Entanglement Entropy in de Sitter space}{}% 19
\BOOKMARK [1][-]{section.2.1}{Set Up}{chapter.2}% 20
\BOOKMARK [1][-]{section.2.2}{de Sitter時空の対称性}{chapter.2}% 21
\BOOKMARK [1][-]{section.2.3}{Scalar Field on Open de Sitter Space}{chapter.2}% 22
\BOOKMARK [2][-]{subsection.2.3.1}{Euclidean de Siiter space}{section.2.3}% 23
\BOOKMARK [0][-]{appendix.A}{特殊関数}{}% 24
\BOOKMARK [1][-]{section.A.1}{ルジャンドル関数}{appendix.A}% 25
\BOOKMARK [2][-]{subsection.A.1.1}{ルジャンドルの微分方程式}{section.A.1}% 26
\BOOKMARK [1][-]{section.A.2}{球面調和関数}{appendix.A}% 27
\BOOKMARK [1][-]{section.A.3}{球面調和関数 in hyperbolic}{appendix.A}% 28
\BOOKMARK [2][-]{subsection.A.3.1}{様々な計算手法と近似法}{section.A.3}% 29
\BOOKMARK [0][-]{appendix.B}{相対論と場の理論からの準備}{}% 30
\BOOKMARK [1][-]{section.B.1}{一般相対論からの準備}{appendix.B}% 31
\BOOKMARK [2][-]{subsection.B.1.1}{相対論的運動学}{section.B.1}% 32
\BOOKMARK [2][-]{subsection.B.1.2}{計量に関する有用な公式}{section.B.1}% 33
\BOOKMARK [2][-]{subsection.B.1.3}{共変微分}{section.B.1}% 34
\BOOKMARK [2][-]{subsection.B.1.4}{測地線方程式}{section.B.1}% 35
\BOOKMARK [2][-]{subsection.B.1.5}{曲率}{section.B.1}% 36
\BOOKMARK [2][-]{subsection.B.1.6}{不変体積要素}{section.B.1}% 37
\BOOKMARK [2][-]{subsection.B.1.7}{四元流束\(particle 4-flow\)}{section.B.1}% 38
\BOOKMARK [1][-]{section.B.2}{古典場の理論}{appendix.B}% 39
\BOOKMARK [2][-]{subsection.B.2.1}{ネーターカレント\(Noether current\)}{section.B.2}% 40
\BOOKMARK [2][-]{subsection.B.2.2}{エネルギー運動量テンソル}{section.B.2}% 41
\BOOKMARK [2][-]{subsection.B.2.3}{重力場の作用}{section.B.2}% 42
\BOOKMARK [2][-]{subsection.B.2.4}{スカラー場}{section.B.2}% 43
\BOOKMARK [2][-]{subsection.B.2.5}{Fierz恒等式}{section.B.2}% 44
\BOOKMARK [0][-]{appendix.C}{膨張宇宙とフリードマン方程式}{}% 45
\BOOKMARK [1][-]{section.C.1}{キリング\(Killing\)ベクトルと対称性}{appendix.C}% 46
\BOOKMARK [2][-]{subsection.C.1.1}{キリングベクトル}{section.C.1}% 47
\BOOKMARK [1][-]{section.C.2}{一様等方宇宙}{appendix.C}% 48
\BOOKMARK [2][-]{subsection.C.2.1}{計量とフリードマン方程式}{section.C.2}% 49
\BOOKMARK [1][-]{section.C.3}{CDM\(Cosmological Model with Dark Matter and Dark Energy\)}{appendix.C}% 50
\BOOKMARK [2][-]{subsection.C.3.1}{宇宙の構成要素}{section.C.3}% 51
\BOOKMARK [2][-]{subsection.C.3.2}{宇宙論パラメーター\(Cosmological Parameters\)}{section.C.3}% 52
\BOOKMARK [2][-]{subsection.C.3.3}{赤方偏移\(redshift\)}{section.C.3}% 53
\BOOKMARK [2][-]{subsection.C.3.4}{絶対光度と見かけの光度}{section.C.3}% 54
\BOOKMARK [0][-]{appendix*.8}{References}{}% 55
