\BOOKMARK [0][-]{Doc-Start}{}{}% 1
\BOOKMARK [1][-]{section.0.1}{Notation}{Doc-Start}% 2
\BOOKMARK [0][-]{appendix.A}{特殊関数}{}% 3
\BOOKMARK [1][-]{section.A.1}{ルジャンドル関数}{appendix.A}% 4
\BOOKMARK [2][-]{subsection.A.1.1}{ルジャンドルの微分方程式}{section.A.1}% 5
\BOOKMARK [1][-]{section.A.2}{球面調和関数}{appendix.A}% 6
\BOOKMARK [1][-]{section.A.3}{球面調和関数 in hyperbolic}{appendix.A}% 7
\BOOKMARK [2][-]{subsection.A.3.1}{様々な計算手法と近似法}{section.A.3}% 8
\BOOKMARK [0][-]{appendix.B}{相対論と場の理論からの準備}{}% 9
\BOOKMARK [1][-]{section.B.1}{一般相対論からの準備}{appendix.B}% 10
\BOOKMARK [2][-]{subsection.B.1.1}{相対論的運動学}{section.B.1}% 11
\BOOKMARK [2][-]{subsection.B.1.2}{計量に関する有用な公式}{section.B.1}% 12
\BOOKMARK [2][-]{subsection.B.1.3}{共変微分}{section.B.1}% 13
\BOOKMARK [2][-]{subsection.B.1.4}{測地線方程式}{section.B.1}% 14
\BOOKMARK [2][-]{subsection.B.1.5}{曲率}{section.B.1}% 15
\BOOKMARK [2][-]{subsection.B.1.6}{不変体積要素}{section.B.1}% 16
\BOOKMARK [2][-]{subsection.B.1.7}{四元流束\(particle 4-flow\)}{section.B.1}% 17
\BOOKMARK [1][-]{section.B.2}{古典場の理論}{appendix.B}% 18
\BOOKMARK [2][-]{subsection.B.2.1}{ネーターカレント\(Noether current\)}{section.B.2}% 19
\BOOKMARK [2][-]{subsection.B.2.2}{エネルギー運動量テンソル}{section.B.2}% 20
\BOOKMARK [2][-]{subsection.B.2.3}{重力場の作用}{section.B.2}% 21
\BOOKMARK [2][-]{subsection.B.2.4}{スカラー場}{section.B.2}% 22
\BOOKMARK [2][-]{subsection.B.2.5}{Fierz恒等式}{section.B.2}% 23
\BOOKMARK [0][-]{appendix.C}{膨張宇宙とフリードマン方程式}{}% 24
\BOOKMARK [1][-]{section.C.1}{キリング\(Killing\)ベクトルと対称性}{appendix.C}% 25
\BOOKMARK [2][-]{subsection.C.1.1}{キリングベクトル}{section.C.1}% 26
\BOOKMARK [1][-]{section.C.2}{一様等方宇宙}{appendix.C}% 27
\BOOKMARK [2][-]{subsection.C.2.1}{計量とフリードマン方程式}{section.C.2}% 28
\BOOKMARK [1][-]{section.C.3}{CDM\(Cosmological Model with Dark Matter and Dark Energy\)}{appendix.C}% 29
\BOOKMARK [2][-]{subsection.C.3.1}{宇宙の構成要素}{section.C.3}% 30
\BOOKMARK [2][-]{subsection.C.3.2}{宇宙論パラメーター\(Cosmological Parameters\)}{section.C.3}% 31
\BOOKMARK [2][-]{subsection.C.3.3}{赤方偏移\(redshift\)}{section.C.3}% 32
\BOOKMARK [2][-]{subsection.C.3.4}{絶対光度と見かけの光度}{section.C.3}% 33
\BOOKMARK [0][-]{appendix*.2}{References}{}% 34
